2024-03-19 07:02:34,833 - INFO - Generating summary report...
2024-03-19 07:02:34,833 - INFO - Generating fleet overview report...
2024-03-19 07:02:34,842 - INFO - Generating employee utilization report...
2024-03-19 07:02:34,847 - INFO - Generating fleet trip performance report...
2024-03-19 07:02:34,851 - ERROR - Error generating trip performance report: name 'F' is not defined
2024-03-19 07:02:34,851 - INFO - Generating employee vehicle relationships report...
2024-03-19 07:02:34,855 - INFO - Generating system health report...
2024-03-19 07:02:34,856 - ERROR - Error generating system health report: Cannot resolve keyword 'assigned' into field. Choices are: alert, created_by, created_by_id, created_on, current_location, driver_id, driver_id_id, fuel, id, image, last_maintenance_date, maintenance, make, model, next_maintenance_date, registration_number, trip, year
2024-03-19 07:02:34,856 - INFO - Generating fuel efficiency report...
2024-03-19 07:02:34,861 - INFO - Generating vehicle maintenance status report...
2024-03-19 07:02:34,885 - ERROR - Error generating summary report: fileobj may not be None
2024-03-19 07:02:34,917 - ERROR - Internal Server Error: /generate_reports/
Traceback (most recent call last):
  File "/home/debrye/Desktop/projects/mine/doqaFleets/venDoqaFleets/lib/python3.11/site-packages/django/core/handlers/exception.py", line 55, in inner
    response = get_response(request)
               ^^^^^^^^^^^^^^^^^^^^^
  File "/home/debrye/Desktop/projects/mine/doqaFleets/venDoqaFleets/lib/python3.11/site-packages/django/core/handlers/base.py", line 204, in _get_response
    self.check_response(response, callback)
  File "/home/debrye/Desktop/projects/mine/doqaFleets/venDoqaFleets/lib/python3.11/site-packages/django/core/handlers/base.py", line 332, in check_response
    raise ValueError(
ValueError: The view doqa_core.views.generate_reports didn't return an HttpResponse object. It returned None instead.
2024-03-19 07:04:41,876 - INFO - /home/debrye/Desktop/projects/mine/doqaFleets/doqa/doqa_core/reports.py changed, reloading.
2024-03-19 07:04:49,323 - INFO - Generating summary report...
2024-03-19 07:04:49,323 - INFO - Generating fleet overview report...
2024-03-19 07:04:49,332 - INFO - Generating employee utilization report...
2024-03-19 07:04:49,338 - INFO - Generating fleet trip performance report...
2024-03-19 07:04:49,347 - INFO - Generating employee vehicle relationships report...
2024-03-19 07:04:49,351 - INFO - Generating system health report...
2024-03-19 07:04:49,352 - ERROR - Error generating system health report: Cannot resolve keyword 'assigned' into field. Choices are: alert, created_by, created_by_id, created_on, current_location, driver_id, driver_id_id, fuel, id, image, last_maintenance_date, maintenance, make, model, next_maintenance_date, registration_number, trip, year
2024-03-19 07:04:49,352 - INFO - Generating fuel efficiency report...
2024-03-19 07:04:49,356 - INFO - Generating vehicle maintenance status report...
2024-03-19 07:04:49,377 - ERROR - Error generating summary report: fileobj may not be None
2024-03-19 07:04:49,398 - ERROR - Internal Server Error: /generate_reports/
Traceback (most recent call last):
  File "/home/debrye/Desktop/projects/mine/doqaFleets/venDoqaFleets/lib/python3.11/site-packages/django/core/handlers/exception.py", line 55, in inner
    response = get_response(request)
               ^^^^^^^^^^^^^^^^^^^^^
  File "/home/debrye/Desktop/projects/mine/doqaFleets/venDoqaFleets/lib/python3.11/site-packages/django/core/handlers/base.py", line 204, in _get_response
    self.check_response(response, callback)
  File "/home/debrye/Desktop/projects/mine/doqaFleets/venDoqaFleets/lib/python3.11/site-packages/django/core/handlers/base.py", line 332, in check_response
    raise ValueError(
ValueError: The view doqa_core.views.generate_reports didn't return an HttpResponse object. It returned None instead.
2024-03-19 07:05:08,399 - INFO - Generating summary report...
2024-03-19 07:05:08,399 - INFO - Generating fleet overview report...
2024-03-19 07:05:08,408 - INFO - Generating employee utilization report...
2024-03-19 07:05:08,415 - INFO - Generating fleet trip performance report...
2024-03-19 07:05:08,423 - INFO - Generating employee vehicle relationships report...
2024-03-19 07:05:08,428 - INFO - Generating system health report...
2024-03-19 07:05:08,429 - ERROR - Error generating system health report: Cannot resolve keyword 'assigned' into field. Choices are: alert, created_by, created_by_id, created_on, current_location, driver_id, driver_id_id, fuel, id, image, last_maintenance_date, maintenance, make, model, next_maintenance_date, registration_number, trip, year
2024-03-19 07:05:08,429 - INFO - Generating fuel efficiency report...
2024-03-19 07:05:08,434 - INFO - Generating vehicle maintenance status report...
2024-03-19 07:05:08,456 - ERROR - Error generating summary report: fileobj may not be None
2024-03-19 07:05:08,478 - ERROR - Internal Server Error: /generate_reports/
Traceback (most recent call last):
  File "/home/debrye/Desktop/projects/mine/doqaFleets/venDoqaFleets/lib/python3.11/site-packages/django/core/handlers/exception.py", line 55, in inner
    response = get_response(request)
               ^^^^^^^^^^^^^^^^^^^^^
  File "/home/debrye/Desktop/projects/mine/doqaFleets/venDoqaFleets/lib/python3.11/site-packages/django/core/handlers/base.py", line 204, in _get_response
    self.check_response(response, callback)
  File "/home/debrye/Desktop/projects/mine/doqaFleets/venDoqaFleets/lib/python3.11/site-packages/django/core/handlers/base.py", line 332, in check_response
    raise ValueError(
ValueError: The view doqa_core.views.generate_reports didn't return an HttpResponse object. It returned None instead.
2024-03-19 07:07:21,151 - INFO - /home/debrye/Desktop/projects/mine/doqaFleets/doqa/doqa_core/reports.py changed, reloading.
2024-03-19 07:07:31,419 - INFO - Generating summary report...
2024-03-19 07:07:31,419 - INFO - Generating fleet overview report...
2024-03-19 07:07:31,428 - INFO - Generating employee utilization report...
2024-03-19 07:07:31,436 - INFO - Generating fleet trip performance report...
2024-03-19 07:07:31,444 - INFO - Generating employee vehicle relationships report...
2024-03-19 07:07:31,450 - INFO - Generating system health report...
2024-03-19 07:07:31,457 - INFO - Generating fuel efficiency report...
2024-03-19 07:07:31,463 - INFO - Generating vehicle maintenance status report...
2024-03-19 07:08:28,833 - INFO - /home/debrye/Desktop/projects/mine/doqaFleets/doqa/doqa_core/reports.py changed, reloading.
2024-03-19 07:08:41,439 - INFO - /home/debrye/Desktop/projects/mine/doqaFleets/doqa/doqa_core/reports.py changed, reloading.
2024-03-19 07:08:50,768 - INFO - /home/debrye/Desktop/projects/mine/doqaFleets/doqa/doqa_core/reports.py changed, reloading.
2024-03-19 07:08:54,525 - INFO - /home/debrye/Desktop/projects/mine/doqaFleets/doqa/doqa_core/reports.py changed, reloading.
2024-03-19 07:09:16,242 - INFO - /home/debrye/Desktop/projects/mine/doqaFleets/doqa/doqa_core/reports.py changed, reloading.
2024-03-19 07:09:23,195 - INFO - /home/debrye/Desktop/projects/mine/doqaFleets/doqa/doqa_core/reports.py changed, reloading.
2024-03-19 07:09:26,962 - INFO - /home/debrye/Desktop/projects/mine/doqaFleets/doqa/doqa_core/reports.py changed, reloading.
2024-03-19 07:09:36,540 - INFO - /home/debrye/Desktop/projects/mine/doqaFleets/doqa/doqa_core/reports.py changed, reloading.
2024-03-19 07:09:47,249 - INFO - /home/debrye/Desktop/projects/mine/doqaFleets/doqa/doqa_core/reports.py changed, reloading.
2024-03-19 07:09:58,395 - INFO - /home/debrye/Desktop/projects/mine/doqaFleets/doqa/doqa_core/reports.py changed, reloading.
2024-03-19 07:10:05,395 - INFO - /home/debrye/Desktop/projects/mine/doqaFleets/doqa/doqa_core/reports.py changed, reloading.
2024-03-19 07:10:13,244 - INFO - /home/debrye/Desktop/projects/mine/doqaFleets/doqa/doqa_core/reports.py changed, reloading.
2024-03-19 07:10:17,933 - INFO - /home/debrye/Desktop/projects/mine/doqaFleets/doqa/doqa_core/reports.py changed, reloading.
2024-03-19 07:10:27,301 - INFO - /home/debrye/Desktop/projects/mine/doqaFleets/doqa/doqa_core/reports.py changed, reloading.
2024-03-19 07:10:44,803 - INFO - /home/debrye/Desktop/projects/mine/doqaFleets/doqa/doqa_core/reports.py changed, reloading.
2024-03-19 07:10:49,102 - INFO - /home/debrye/Desktop/projects/mine/doqaFleets/doqa/doqa_core/reports.py changed, reloading.
2024-03-19 07:10:55,654 - INFO - /home/debrye/Desktop/projects/mine/doqaFleets/doqa/doqa_core/reports.py changed, reloading.
2024-03-19 07:11:01,394 - INFO - /home/debrye/Desktop/projects/mine/doqaFleets/doqa/doqa_core/reports.py changed, reloading.
2024-03-19 07:11:06,163 - INFO - /home/debrye/Desktop/projects/mine/doqaFleets/doqa/doqa_core/reports.py changed, reloading.
2024-03-19 07:11:20,409 - INFO - /home/debrye/Desktop/projects/mine/doqaFleets/doqa/doqa_core/reports.py changed, reloading.
2024-03-19 07:11:28,389 - INFO - /home/debrye/Desktop/projects/mine/doqaFleets/doqa/doqa_core/reports.py changed, reloading.
2024-03-19 07:11:34,111 - INFO - /home/debrye/Desktop/projects/mine/doqaFleets/doqa/doqa_core/reports.py changed, reloading.
2024-03-19 07:11:48,063 - INFO - /home/debrye/Desktop/projects/mine/doqaFleets/doqa/doqa_core/reports.py changed, reloading.
2024-03-19 07:11:57,471 - INFO - /home/debrye/Desktop/projects/mine/doqaFleets/doqa/doqa_core/reports.py changed, reloading.
2024-03-19 07:12:00,314 - INFO - /home/debrye/Desktop/projects/mine/doqaFleets/doqa/doqa_core/reports.py changed, reloading.
2024-03-19 07:12:04,167 - INFO - /home/debrye/Desktop/projects/mine/doqaFleets/doqa/doqa_core/reports.py changed, reloading.
2024-03-19 07:12:13,091 - INFO - /home/debrye/Desktop/projects/mine/doqaFleets/doqa/doqa_core/reports.py changed, reloading.
2024-03-19 07:12:18,111 - INFO - /home/debrye/Desktop/projects/mine/doqaFleets/doqa/doqa_core/reports.py changed, reloading.
2024-03-19 07:12:21,051 - INFO - /home/debrye/Desktop/projects/mine/doqaFleets/doqa/doqa_core/reports.py changed, reloading.
2024-03-19 07:12:33,168 - INFO - /home/debrye/Desktop/projects/mine/doqaFleets/doqa/doqa_core/reports.py changed, reloading.
2024-03-19 07:12:42,411 - INFO - /home/debrye/Desktop/projects/mine/doqaFleets/doqa/doqa_core/reports.py changed, reloading.
2024-03-19 07:12:49,861 - INFO - /home/debrye/Desktop/projects/mine/doqaFleets/doqa/doqa_core/reports.py changed, reloading.
2024-03-19 07:12:54,608 - INFO - /home/debrye/Desktop/projects/mine/doqaFleets/doqa/doqa_core/reports.py changed, reloading.
2024-03-19 07:12:58,512 - INFO - /home/debrye/Desktop/projects/mine/doqaFleets/doqa/doqa_core/reports.py changed, reloading.
2024-03-19 07:13:02,238 - INFO - /home/debrye/Desktop/projects/mine/doqaFleets/doqa/doqa_core/reports.py changed, reloading.
2024-03-19 07:13:06,935 - INFO - /home/debrye/Desktop/projects/mine/doqaFleets/doqa/doqa_core/reports.py changed, reloading.
2024-03-19 07:13:10,809 - INFO - /home/debrye/Desktop/projects/mine/doqaFleets/doqa/doqa_core/reports.py changed, reloading.
2024-03-19 07:13:13,574 - INFO - /home/debrye/Desktop/projects/mine/doqaFleets/doqa/doqa_core/reports.py changed, reloading.
2024-03-19 07:13:24,916 - INFO - Generating summary report...
2024-03-19 07:13:24,917 - INFO - Generating fleet overview report...
2024-03-19 07:13:24,932 - INFO - Generated fleet overview report.
2024-03-19 07:13:24,932 - INFO - Generating employee utilization report...
2024-03-19 07:13:24,943 - INFO - Generated employee utilization report.
2024-03-19 07:13:24,943 - INFO - Generating fleet trip performance report...
2024-03-19 07:13:24,956 - INFO - Generated fleet trip performance report.
2024-03-19 07:13:24,956 - INFO - Generating employee vehicle relationships report...
2024-03-19 07:13:24,964 - INFO - Generated employee vehicle relationships report.
2024-03-19 07:13:24,964 - INFO - Generating system health report...
2024-03-19 07:13:24,973 - INFO - Generated system health report.
2024-03-19 07:13:24,973 - INFO - Generating fuel efficiency report...
2024-03-19 07:13:24,980 - INFO - Generated fuel efficiency report.
2024-03-19 07:13:24,980 - INFO - Generating vehicle maintenance status report...
2024-03-19 07:13:25,006 - INFO - Generated vehicle maintenance status report.
2024-03-19 07:13:25,028 - INFO - Generated summary report...
2024-03-19 07:14:06,556 - INFO - /home/debrye/Desktop/projects/mine/doqaFleets/doqa/doqa_core/reports.py changed, reloading.
2024-03-19 07:14:14,252 - INFO - /home/debrye/Desktop/projects/mine/doqaFleets/doqa/doqa_core/reports.py changed, reloading.
2024-03-19 07:42:48,148 - INFO - Generating summary report...
2024-03-19 07:42:48,149 - INFO - Generating fleet overview report...
2024-03-19 07:42:48,168 - INFO - Generated fleet overview report.
2024-03-19 07:42:48,168 - INFO - Generating employee utilization report...
2024-03-19 07:42:48,185 - INFO - Generated employee utilization report.
2024-03-19 07:42:48,185 - INFO - Generating fleet trip performance report...
2024-03-19 07:42:48,199 - INFO - Generated fleet trip performance report.
2024-03-19 07:42:48,199 - INFO - Generating employee vehicle relationships report...
2024-03-19 07:42:48,210 - INFO - Generated employee vehicle relationships report.
2024-03-19 07:42:48,210 - INFO - Generating system health report...
2024-03-19 07:42:48,220 - INFO - Generated system health report.
2024-03-19 07:42:48,220 - INFO - Generating fuel efficiency report...
2024-03-19 07:42:48,227 - INFO - Generated fuel efficiency report.
2024-03-19 07:42:48,227 - INFO - Generating vehicle maintenance status report...
2024-03-19 07:42:48,254 - INFO - Generated vehicle maintenance status report.
2024-03-19 07:42:48,321 - INFO - Generated summary report.
